总用量 88
drwxr-xr-x   2 root root  4096 Sep 21 07:52 bin
drwxr-xr-x   3 root root  4096 Sep 22 08:36 boot
drwxr-xr-x   2 root root  4096 Jun 10 18:52 cdrom
drwxr-xr-x  16 root root  4340 Oct 14 08:07 dev
drwxr-xr-x 156 root root 12288 Oct 14 08:08 etc
drwxr-xr-x   4 root root  4096 Apr 19 17:32 home
lrwxrwxrwx   1 root root    37 Sep 22 08:35 initrd.img -> /boot/initrd.img-3.2.0-31-generic-pae
lrwxrwxrwx   1 root root    37 Sep 13 08:04 initrd.img.old -> /boot/initrd.img-3.2.0-30-generic-pae
drwxr-xr-x  23 root root  4096 Oct  9 07:58 lib
drwx------   2 root root 16384 Jun 10 18:49 lost+found
drwxr-xr-x   2 root root  4096 Oct 12 21:35 media
drwxr-xr-x   2 root root  4096 Apr 19 17:32 mnt
drwxr-xr-x   4 root root  4096 Jun 12 11:57 opt
dr-xr-xr-x 202 root root     0 Oct 14 08:06 proc
drwx------  10 root root  4096 Jul 11 16:59 root
drwxr-xr-x  23 root root   820 Oct 14 08:08 run
drwxr-xr-x   2 root root  4096 Oct  9 07:58 sbin
drwxr-xr-x   2 root root  4096 Mar  5  2012 selinux
drwxr-xr-x   2 root root  4096 Apr 23 19:34 srv
drwxr-xr-x  13 root root     0 Oct 14 08:06 sys
drwxrwxrwt  13 root root  4096 Oct 14 10:09 tmp
drwxr-xr-x  12 root root  4096 Aug 12 10:38 usr
drwxr-xr-x  14 root root  4096 Oct 13 23:17 var
lrwxrwxrwx   1 root root    33 Sep 22 08:35 vmlinuz -> boot/vmlinuz-3.2.0-31-generic-pae
lrwxrwxrwx   1 root root    33 Sep 13 08:04 vmlinuz.old -> boot/vmlinuz-3.2.0-30-generic-pae
